This is pdfTeX, Version 3.14159265-2.6-1.40.17 (MiKTeX 2.9.6100 64-bit) (preloaded format=pdflatex 2016.12.13)  13 JAN 2019 19:32
entering extended mode
**./Standardbuch-PASS.tex
(Standardbuch-PASS.tex
LaTeX2e <2016/03/31> patch level 3
Babel <3.9r> and hyphenation patterns for 75 language(s) loaded.
("C:\Program Files\MiKTeX 2.9\tex\latex\base\book.cls"
Document Class: book 2014/09/29 v1.4h Standard LaTeX document class
("C:\Program Files\MiKTeX 2.9\tex\latex\base\bk12.clo"
File: bk12.clo 2014/09/29 v1.4h Standard LaTeX file (size option)
)
\c@part=\count79
\c@chapter=\count80
\c@section=\count81
\c@subsection=\count82
\c@subsubsection=\count83
\c@paragraph=\count84
\c@subparagraph=\count85
\c@figure=\count86
\c@table=\count87
\abovecaptionskip=\skip41
\belowcaptionskip=\skip42
\bibindent=\dimen102
)
("C:\Program Files\MiKTeX 2.9\tex\latex\base\inputenc.sty"
Package: inputenc 2015/03/17 v1.2c Input encoding file
\inpenc@prehook=\toks14
\inpenc@posthook=\toks15

("C:\Program Files\MiKTeX 2.9\tex\latex\base\utf8.def"
File: utf8.def 2016/02/28 v1.1s UTF-8 support for inputenc
Now handling font encoding OML ...
... no UTF-8 mapping file for font encoding OML
Now handling font encoding T1 ...
... processing UTF-8 mapping file for font encoding T1

("C:\Program Files\MiKTeX 2.9\tex\latex\base\t1enc.dfu"
File: t1enc.dfu 2016/02/28 v1.1s UTF-8 support for inputenc
   defining Unicode char U+00A0 (decimal 160)
   defining Unicode char U+00A1 (decimal 161)
   defining Unicode char U+00A3 (decimal 163)
   defining Unicode char U+00AB (decimal 171)
   defining Unicode char U+00AD (decimal 173)
   defining Unicode char U+00BB (decimal 187)
   defining Unicode char U+00BF (decimal 191)
   defining Unicode char U+00C0 (decimal 192)
   defining Unicode char U+00C1 (decimal 193)
   defining Unicode char U+00C2 (decimal 194)
   defining Unicode char U+00C3 (decimal 195)
   defining Unicode char U+00C4 (decimal 196)
   defining Unicode char U+00C5 (decimal 197)
   defining Unicode char U+00C6 (decimal 198)
   defining Unicode char U+00C7 (decimal 199)
   defining Unicode char U+00C8 (decimal 200)
   defining Unicode char U+00C9 (decimal 201)
   defining Unicode char U+00CA (decimal 202)
   defining Unicode char U+00CB (decimal 203)
   defining Unicode char U+00CC (decimal 204)
   defining Unicode char U+00CD (decimal 205)
   defining Unicode char U+00CE (decimal 206)
   defining Unicode char U+00CF (decimal 207)
   defining Unicode char U+00D0 (decimal 208)
   defining Unicode char U+00D1 (decimal 209)
   defining Unicode char U+00D2 (decimal 210)
   defining Unicode char U+00D3 (decimal 211)
   defining Unicode char U+00D4 (decimal 212)
   defining Unicode char U+00D5 (decimal 213)
   defining Unicode char U+00D6 (decimal 214)
   defining Unicode char U+00D8 (decimal 216)
   defining Unicode char U+00D9 (decimal 217)
   defining Unicode char U+00DA (decimal 218)
   defining Unicode char U+00DB (decimal 219)
   defining Unicode char U+00DC (decimal 220)
   defining Unicode char U+00DD (decimal 221)
   defining Unicode char U+00DE (decimal 222)
   defining Unicode char U+00DF (decimal 223)
   defining Unicode char U+00E0 (decimal 224)
   defining Unicode char U+00E1 (decimal 225)
   defining Unicode char U+00E2 (decimal 226)
   defining Unicode char U+00E3 (decimal 227)
   defining Unicode char U+00E4 (decimal 228)
   defining Unicode char U+00E5 (decimal 229)
   defining Unicode char U+00E6 (decimal 230)
   defining Unicode char U+00E7 (decimal 231)
   defining Unicode char U+00E8 (decimal 232)
   defining Unicode char U+00E9 (decimal 233)
   defining Unicode char U+00EA (decimal 234)
   defining Unicode char U+00EB (decimal 235)
   defining Unicode char U+00EC (decimal 236)
   defining Unicode char U+00ED (decimal 237)
   defining Unicode char U+00EE (decimal 238)
   defining Unicode char U+00EF (decimal 239)
   defining Unicode char U+00F0 (decimal 240)
   defining Unicode char U+00F1 (decimal 241)
   defining Unicode char U+00F2 (decimal 242)
   defining Unicode char U+00F3 (decimal 243)
   defining Unicode char U+00F4 (decimal 244)
   defining Unicode char U+00F5 (decimal 245)
   defining Unicode char U+00F6 (decimal 246)
   defining Unicode char U+00F8 (decimal 248)
   defining Unicode char U+00F9 (decimal 249)
   defining Unicode char U+00FA (decimal 250)
   defining Unicode char U+00FB (decimal 251)
   defining Unicode char U+00FC (decimal 252)
   defining Unicode char U+00FD (decimal 253)
   defining Unicode char U+00FE (decimal 254)
   defining Unicode char U+00FF (decimal 255)
   defining Unicode char U+0100 (decimal 256)
   defining Unicode char U+0101 (decimal 257)
   defining Unicode char U+0102 (decimal 258)
   defining Unicode char U+0103 (decimal 259)
   defining Unicode char U+0104 (decimal 260)
   defining Unicode char U+0105 (decimal 261)
   defining Unicode char U+0106 (decimal 262)
   defining Unicode char U+0107 (decimal 263)
   defining Unicode char U+0108 (decimal 264)
   defining Unicode char U+0109 (decimal 265)
   defining Unicode char U+010A (decimal 266)
   defining Unicode char U+010B (decimal 267)
   defining Unicode char U+010C (decimal 268)
   defining Unicode char U+010D (decimal 269)
   defining Unicode char U+010E (decimal 270)
   defining Unicode char U+010F (decimal 271)
   defining Unicode char U+0110 (decimal 272)
   defining Unicode char U+0111 (decimal 273)
   defining Unicode char U+0112 (decimal 274)
   defining Unicode char U+0113 (decimal 275)
   defining Unicode char U+0114 (decimal 276)
   defining Unicode char U+0115 (decimal 277)
   defining Unicode char U+0116 (decimal 278)
   defining Unicode char U+0117 (decimal 279)
   defining Unicode char U+0118 (decimal 280)
   defining Unicode char U+0119 (decimal 281)
   defining Unicode char U+011A (decimal 282)
   defining Unicode char U+011B (decimal 283)
   defining Unicode char U+011C (decimal 284)
   defining Unicode char U+011D (decimal 285)
   defining Unicode char U+011E (decimal 286)
   defining Unicode char U+011F (decimal 287)
   defining Unicode char U+0120 (decimal 288)
   defining Unicode char U+0121 (decimal 289)
   defining Unicode char U+0122 (decimal 290)
   defining Unicode char U+0123 (decimal 291)
   defining Unicode char U+0124 (decimal 292)
   defining Unicode char U+0125 (decimal 293)
   defining Unicode char U+0128 (decimal 296)
   defining Unicode char U+0129 (decimal 297)
   defining Unicode char U+012A (decimal 298)
   defining Unicode char U+012B (decimal 299)
   defining Unicode char U+012C (decimal 300)
   defining Unicode char U+012D (decimal 301)
   defining Unicode char U+012E (decimal 302)
   defining Unicode char U+012F (decimal 303)
   defining Unicode char U+0130 (decimal 304)
   defining Unicode char U+0131 (decimal 305)
   defining Unicode char U+0132 (decimal 306)
   defining Unicode char U+0133 (decimal 307)
   defining Unicode char U+0134 (decimal 308)
   defining Unicode char U+0135 (decimal 309)
   defining Unicode char U+0136 (decimal 310)
   defining Unicode char U+0137 (decimal 311)
   defining Unicode char U+0139 (decimal 313)
   defining Unicode char U+013A (decimal 314)
   defining Unicode char U+013B (decimal 315)
   defining Unicode char U+013C (decimal 316)
   defining Unicode char U+013D (decimal 317)
   defining Unicode char U+013E (decimal 318)
   defining Unicode char U+0141 (decimal 321)
   defining Unicode char U+0142 (decimal 322)
   defining Unicode char U+0143 (decimal 323)
   defining Unicode char U+0144 (decimal 324)
   defining Unicode char U+0145 (decimal 325)
   defining Unicode char U+0146 (decimal 326)
   defining Unicode char U+0147 (decimal 327)
   defining Unicode char U+0148 (decimal 328)
   defining Unicode char U+014A (decimal 330)
   defining Unicode char U+014B (decimal 331)
   defining Unicode char U+014C (decimal 332)
   defining Unicode char U+014D (decimal 333)
   defining Unicode char U+014E (decimal 334)
   defining Unicode char U+014F (decimal 335)
   defining Unicode char U+0150 (decimal 336)
   defining Unicode char U+0151 (decimal 337)
   defining Unicode char U+0152 (decimal 338)
   defining Unicode char U+0153 (decimal 339)
   defining Unicode char U+0154 (decimal 340)
   defining Unicode char U+0155 (decimal 341)
   defining Unicode char U+0156 (decimal 342)
   defining Unicode char U+0157 (decimal 343)
   defining Unicode char U+0158 (decimal 344)
   defining Unicode char U+0159 (decimal 345)
   defining Unicode char U+015A (decimal 346)
   defining Unicode char U+015B (decimal 347)
   defining Unicode char U+015C (decimal 348)
   defining Unicode char U+015D (decimal 349)
   defining Unicode char U+015E (decimal 350)
   defining Unicode char U+015F (decimal 351)
   defining Unicode char U+0160 (decimal 352)
   defining Unicode char U+0161 (decimal 353)
   defining Unicode char U+0162 (decimal 354)
   defining Unicode char U+0163 (decimal 355)
   defining Unicode char U+0164 (decimal 356)
   defining Unicode char U+0165 (decimal 357)
   defining Unicode char U+0168 (decimal 360)
   defining Unicode char U+0169 (decimal 361)
   defining Unicode char U+016A (decimal 362)
   defining Unicode char U+016B (decimal 363)
   defining Unicode char U+016C (decimal 364)
   defining Unicode char U+016D (decimal 365)
   defining Unicode char U+016E (decimal 366)
   defining Unicode char U+016F (decimal 367)
   defining Unicode char U+0170 (decimal 368)
   defining Unicode char U+0171 (decimal 369)
   defining Unicode char U+0172 (decimal 370)
   defining Unicode char U+0173 (decimal 371)
   defining Unicode char U+0174 (decimal 372)
   defining Unicode char U+0175 (decimal 373)
   defining Unicode char U+0176 (decimal 374)
   defining Unicode char U+0177 (decimal 375)
   defining Unicode char U+0178 (decimal 376)
   defining Unicode char U+0179 (decimal 377)
   defining Unicode char U+017A (decimal 378)
   defining Unicode char U+017B (decimal 379)
   defining Unicode char U+017C (decimal 380)
   defining Unicode char U+017D (decimal 381)
   defining Unicode char U+017E (decimal 382)
   defining Unicode char U+01CD (decimal 461)
   defining Unicode char U+01CE (decimal 462)
   defining Unicode char U+01CF (decimal 463)
   defining Unicode char U+01D0 (decimal 464)
   defining Unicode char U+01D1 (decimal 465)
   defining Unicode char U+01D2 (decimal 466)
   defining Unicode char U+01D3 (decimal 467)
   defining Unicode char U+01D4 (decimal 468)
   defining Unicode char U+01E2 (decimal 482)
   defining Unicode char U+01E3 (decimal 483)
   defining Unicode char U+01E6 (decimal 486)
   defining Unicode char U+01E7 (decimal 487)
   defining Unicode char U+01E8 (decimal 488)
   defining Unicode char U+01E9 (decimal 489)
   defining Unicode char U+01EA (decimal 490)
   defining Unicode char U+01EB (decimal 491)
   defining Unicode char U+01F0 (decimal 496)
   defining Unicode char U+01F4 (decimal 500)
   defining Unicode char U+01F5 (decimal 501)
   defining Unicode char U+0218 (decimal 536)
   defining Unicode char U+0219 (decimal 537)
   defining Unicode char U+021A (decimal 538)
   defining Unicode char U+021B (decimal 539)
   defining Unicode char U+1E02 (decimal 7682)
   defining Unicode char U+1E03 (decimal 7683)
   defining Unicode char U+200C (decimal 8204)
   defining Unicode char U+2010 (decimal 8208)
   defining Unicode char U+2011 (decimal 8209)
   defining Unicode char U+2012 (decimal 8210)
   defining Unicode char U+2013 (decimal 8211)
   defining Unicode char U+2014 (decimal 8212)
   defining Unicode char U+2015 (decimal 8213)
   defining Unicode char U+2018 (decimal 8216)
   defining Unicode char U+2019 (decimal 8217)
   defining Unicode char U+201A (decimal 8218)
   defining Unicode char U+201C (decimal 8220)
   defining Unicode char U+201D (decimal 8221)
   defining Unicode char U+201E (decimal 8222)
   defining Unicode char U+2030 (decimal 8240)
   defining Unicode char U+2031 (decimal 8241)
   defining Unicode char U+2039 (decimal 8249)
   defining Unicode char U+203A (decimal 8250)
   defining Unicode char U+2423 (decimal 9251)
)
Now handling font encoding OT1 ...
... processing UTF-8 mapping file for font encoding OT1

("C:\Program Files\MiKTeX 2.9\tex\latex\base\ot1enc.dfu"
File: ot1enc.dfu 2016/02/28 v1.1s UTF-8 support for inputenc
   defining Unicode char U+00A0 (decimal 160)
   defining Unicode char U+00A1 (decimal 161)
   defining Unicode char U+00A3 (decimal 163)
   defining Unicode char U+00AD (decimal 173)
   defining Unicode char U+00B8 (decimal 184)
   defining Unicode char U+00BF (decimal 191)
   defining Unicode char U+00C5 (decimal 197)
   defining Unicode char U+00C6 (decimal 198)
   defining Unicode char U+00D8 (decimal 216)
   defining Unicode char U+00DF (decimal 223)
   defining Unicode char U+00E6 (decimal 230)
   defining Unicode char U+00EC (decimal 236)
   defining Unicode char U+00ED (decimal 237)
   defining Unicode char U+00EE (decimal 238)
   defining Unicode char U+00EF (decimal 239)
   defining Unicode char U+00F8 (decimal 248)
   defining Unicode char U+0131 (decimal 305)
   defining Unicode char U+0141 (decimal 321)
   defining Unicode char U+0142 (decimal 322)
   defining Unicode char U+0152 (decimal 338)
   defining Unicode char U+0153 (decimal 339)
   defining Unicode char U+0174 (decimal 372)
   defining Unicode char U+0175 (decimal 373)
   defining Unicode char U+0176 (decimal 374)
   defining Unicode char U+0177 (decimal 375)
   defining Unicode char U+0218 (decimal 536)
   defining Unicode char U+0219 (decimal 537)
   defining Unicode char U+021A (decimal 538)
   defining Unicode char U+021B (decimal 539)
   defining Unicode char U+2013 (decimal 8211)
   defining Unicode char U+2014 (decimal 8212)
   defining Unicode char U+2018 (decimal 8216)
   defining Unicode char U+2019 (decimal 8217)
   defining Unicode char U+201C (decimal 8220)
   defining Unicode char U+201D (decimal 8221)
)
Now handling font encoding OMS ...
... processing UTF-8 mapping file for font encoding OMS

("C:\Program Files\MiKTeX 2.9\tex\latex\base\omsenc.dfu"
File: omsenc.dfu 2016/02/28 v1.1s UTF-8 support for inputenc
   defining Unicode char U+00A7 (decimal 167)
   defining Unicode char U+00B6 (decimal 182)
   defining Unicode char U+00B7 (decimal 183)
   defining Unicode char U+2020 (decimal 8224)
   defining Unicode char U+2021 (decimal 8225)
   defining Unicode char U+2022 (decimal 8226)
)
Now handling font encoding OMX ...
... no UTF-8 mapping file for font encoding OMX
Now handling font encoding U ...
... no UTF-8 mapping file for font encoding U
   defining Unicode char U+00A9 (decimal 169)
   defining Unicode char U+00AA (decimal 170)
   defining Unicode char U+00AE (decimal 174)
   defining Unicode char U+00BA (decimal 186)
   defining Unicode char U+02C6 (decimal 710)
   defining Unicode char U+02DC (decimal 732)
   defining Unicode char U+200C (decimal 8204)
   defining Unicode char U+2026 (decimal 8230)
   defining Unicode char U+2122 (decimal 8482)
   defining Unicode char U+2423 (decimal 9251)
))
("C:\Program Files\MiKTeX 2.9\tex\latex\graphics\graphicx.sty"
Package: graphicx 2014/10/28 v1.0g Enhanced LaTeX Graphics (DPC,SPQR)

("C:\Program Files\MiKTeX 2.9\tex\latex\graphics\keyval.sty"
Package: keyval 2014/10/28 v1.15 key=value parser (DPC)
\KV@toks@=\toks16
)
("C:\Program Files\MiKTeX 2.9\tex\latex\graphics\graphics.sty"
Package: graphics 2016/07/10 v1.0t Standard LaTeX Graphics (DPC,SPQR)

("C:\Program Files\MiKTeX 2.9\tex\latex\graphics\trig.sty"
Package: trig 2016/01/03 v1.10 sin cos tan (DPC)
)
("C:\Program Files\MiKTeX 2.9\tex\latex\graphics-cfg\graphics.cfg"
File: graphics.cfg 2016/06/04 v1.11 sample graphics configuration
)
Package graphics Info: Driver file: pdftex.def on input line 99.

("C:\Program Files\MiKTeX 2.9\tex\latex\graphics-def\pdftex.def"
File: pdftex.def 2016/07/10 v0.06j Graphics/color for pdfTeX

("C:\Program Files\MiKTeX 2.9\tex\generic\oberdiek\infwarerr.sty"
Package: infwarerr 2016/05/16 v1.4 Providing info/warning/error messages (HO)
)
("C:\Program Files\MiKTeX 2.9\tex\generic\oberdiek\ltxcmds.sty"
Package: ltxcmds 2016/05/16 v1.23 LaTeX kernel commands for general use (HO)
)
\Gread@gobject=\count88
))
\Gin@req@height=\dimen103
\Gin@req@width=\dimen104
)
("C:\Program Files\MiKTeX 2.9\tex\latex\enumitem\enumitem.sty"
Package: enumitem 2011/09/28 v3.5.2 Customized lists
\labelindent=\skip43
\enit@outerparindent=\dimen105
\enit@toks=\toks17
\enit@inbox=\box26
\enitdp@description=\count89
)
("C:\Program Files\MiKTeX 2.9\tex\latex\xcolor\xcolor.sty"
Package: xcolor 2016/05/11 v2.12 LaTeX color extensions (UK)

("C:\Program Files\MiKTeX 2.9\tex\latex\graphics-cfg\color.cfg"
File: color.cfg 2016/01/02 v1.6 sample color configuration
)
Package xcolor Info: Driver file: pdftex.def on input line 225.
Package xcolor Info: Model `cmy' substituted by `cmy0' on input line 1348.
Package xcolor Info: Model `hsb' substituted by `rgb' on input line 1352.
Package xcolor Info: Model `RGB' extended on input line 1364.
Package xcolor Info: Model `HTML' substituted by `rgb' on input line 1366.
Package xcolor Info: Model `Hsb' substituted by `hsb' on input line 1367.
Package xcolor Info: Model `tHsb' substituted by `hsb' on input line 1368.
Package xcolor Info: Model `HSB' substituted by `hsb' on input line 1369.
Package xcolor Info: Model `Gray' substituted by `gray' on input line 1370.
Package xcolor Info: Model `wave' substituted by `hsb' on input line 1371.
)
("C:\Program Files\MiKTeX 2.9\tex\latex\booktabs\booktabs.sty"
Package: booktabs 2005/04/14 v1.61803 publication quality tables
\heavyrulewidth=\dimen106
\lightrulewidth=\dimen107
\cmidrulewidth=\dimen108
\belowrulesep=\dimen109
\belowbottomsep=\dimen110
\aboverulesep=\dimen111
\abovetopsep=\dimen112
\cmidrulesep=\dimen113
\cmidrulekern=\dimen114
\defaultaddspace=\dimen115
\@cmidla=\count90
\@cmidlb=\count91
\@aboverulesep=\dimen116
\@belowrulesep=\dimen117
\@thisruleclass=\count92
\@lastruleclass=\count93
\@thisrulewidth=\dimen118
)
("C:\Program Files\MiKTeX 2.9\tex\latex\graphics\lscape.sty"
Package: lscape 2000/10/22 v3.01 Landscape Pages (DPC)
)
("C:\Program Files\MiKTeX 2.9\tex\latex\ltablex\ltablex.sty"
Package: ltablex 2014/08/13 v1.1 Modified tabularx

("C:\Program Files\MiKTeX 2.9\tex\latex\tools\longtable.sty"
Package: longtable 2014/10/28 v4.11 Multi-page Table package (DPC)
\LTleft=\skip44
\LTright=\skip45
\LTpre=\skip46
\LTpost=\skip47
\LTchunksize=\count94
\LTcapwidth=\dimen119
\LT@head=\box27
\LT@firsthead=\box28
\LT@foot=\box29
\LT@lastfoot=\box30
\LT@cols=\count95
\LT@rows=\count96
\c@LT@tables=\count97
\c@LT@chunks=\count98
\LT@p@ftn=\toks18
)
("C:\Program Files\MiKTeX 2.9\tex\latex\tools\tabularx.sty"
Package: tabularx 2016/02/03 v2.11 `tabularx' package (DPC)

("C:\Program Files\MiKTeX 2.9\tex\latex\tools\array.sty"
Package: array 2014/10/28 v2.4c Tabular extension package (FMi)
\col@sep=\dimen120
\extrarowheight=\dimen121
\NC@list=\toks19
\extratabsurround=\skip48
\backup@length=\skip49
)
\TX@col@width=\dimen122
\TX@old@table=\dimen123
\TX@old@col=\dimen124
\TX@target=\dimen125
\TX@delta=\dimen126
\TX@cols=\count99
\TX@ftn=\toks20
))
("C:\Program Files\MiKTeX 2.9\tex\latex\comment\comment.sty"
\CommentStream=\write3

Excluding comment 'comment')
("C:\Program Files\MiKTeX 2.9\tex\latex\listings\listings.sty"
\lst@mode=\count100
\lst@gtempboxa=\box31
\lst@token=\toks21
\lst@length=\count101
\lst@currlwidth=\dimen127
\lst@column=\count102
\lst@pos=\count103
\lst@lostspace=\dimen128
\lst@width=\dimen129
\lst@newlines=\count104
\lst@lineno=\count105
\lst@maxwidth=\dimen130

("C:\Program Files\MiKTeX 2.9\tex\latex\listings\lstmisc.sty"
File: lstmisc.sty 2015/06/04 1.6 (Carsten Heinz)
\c@lstnumber=\count106
\lst@skipnumbers=\count107
\lst@framebox=\box32
)
("C:\Program Files\MiKTeX 2.9\tex\latex\listings\listings.cfg"
File: listings.cfg 2015/06/04 1.6 listings configuration
))
Package: listings 2015/06/04 1.6 (Carsten Heinz)

(Standardbuch-PASS.aux (TeX_files/chapter01.aux

LaTeX Warning: Label `fig:ordercomstructure' multiply defined.

) (TeX_files/chapter02.aux) (TeX_files/chapter03.aux

LaTeX Warning: Label `fig:extension' multiply defined.

) (TeX_files/appendix.aux

LaTeX Warning: Label `fig:asm-behavior' multiply defined.


LaTeX Warning: Label `fig:asm-perform' multiply defined.

))
\openout1 = `Standardbuch-PASS.aux'.

LaTeX Font Info:    Checking defaults for OML/cmm/m/it on input line 21.
LaTeX Font Info:    ... okay on input line 21.
LaTeX Font Info:    Checking defaults for T1/cmr/m/n on input line 21.
LaTeX Font Info:    ... okay on input line 21.
LaTeX Font Info:    Checking defaults for OT1/cmr/m/n on input line 21.
LaTeX Font Info:    ... okay on input line 21.
LaTeX Font Info:    Checking defaults for OMS/cmsy/m/n on input line 21.
LaTeX Font Info:    ... okay on input line 21.
LaTeX Font Info:    Checking defaults for OMX/cmex/m/n on input line 21.
LaTeX Font Info:    ... okay on input line 21.
LaTeX Font Info:    Checking defaults for U/cmr/m/n on input line 21.
LaTeX Font Info:    ... okay on input line 21.
 ("C:\Program Files\MiKTeX 2.9\tex\context\base\supp-pdf.mkii"
[Loading MPS to PDF converter (version 2006.09.02).]
\scratchcounter=\count108
\scratchdimen=\dimen131
\scratchbox=\box33
\nofMPsegments=\count109
\nofMParguments=\count110
\everyMPshowfont=\toks22
\MPscratchCnt=\count111
\MPscratchDim=\dimen132
\MPnumerator=\count112
\makeMPintoPDFobject=\count113
\everyMPtoPDFconversion=\toks23
) ("C:\Program Files\MiKTeX 2.9\tex\generic\oberdiek\pdftexcmds.sty"
Package: pdftexcmds 2016/05/21 v0.22 Utility functions of pdfTeX for LuaTeX (HO
)

("C:\Program Files\MiKTeX 2.9\tex\generic\oberdiek\ifluatex.sty"
Package: ifluatex 2016/05/16 v1.4 Provides the ifluatex switch (HO)
Package ifluatex Info: LuaTeX not detected.
)
("C:\Program Files\MiKTeX 2.9\tex\generic\oberdiek\ifpdf.sty"
Package: ifpdf 2016/05/14 v3.1 Provides the ifpdf switch
)
Package pdftexcmds Info: LuaTeX not detected.
Package pdftexcmds Info: \pdf@primitive is available.
Package pdftexcmds Info: \pdf@ifprimitive is available.
Package pdftexcmds Info: \pdfdraftmode found.
)
("C:\Program Files\MiKTeX 2.9\tex\latex\oberdiek\epstopdf-base.sty"
Package: epstopdf-base 2016/05/15 v2.6 Base part for package epstopdf

("C:\Program Files\MiKTeX 2.9\tex\latex\oberdiek\grfext.sty"
Package: grfext 2016/05/16 v1.2 Manage graphics extensions (HO)

("C:\Program Files\MiKTeX 2.9\tex\generic\oberdiek\kvdefinekeys.sty"
Package: kvdefinekeys 2016/05/16 v1.4 Define keys (HO)
))
("C:\Program Files\MiKTeX 2.9\tex\latex\oberdiek\kvoptions.sty"
Package: kvoptions 2016/05/16 v3.12 Key value format for package options (HO)

("C:\Program Files\MiKTeX 2.9\tex\generic\oberdiek\kvsetkeys.sty"
Package: kvsetkeys 2016/05/16 v1.17 Key value parser (HO)

("C:\Program Files\MiKTeX 2.9\tex\generic\oberdiek\etexcmds.sty"
Package: etexcmds 2016/05/16 v1.6 Avoid name clashes with e-TeX commands (HO)
Package etexcmds Info: Could not find \expanded.
(etexcmds)             That can mean that you are not using pdfTeX 1.50 or
(etexcmds)             that some package has redefined \expanded.
(etexcmds)             In the latter case, load this package earlier.
)))
Package epstopdf-base Info: Redefining graphics rule for `.eps' on input line 4
38.
Package grfext Info: Graphics extension search list:
(grfext)             [.png,.pdf,.jpg,.mps,.jpeg,.jbig2,.jb2,.PNG,.PDF,.JPG,.JPE
G,.JBIG2,.JB2,.eps]
(grfext)             \AppendGraphicsExtensions on input line 456.
)
\c@lstlisting=\count114
LaTeX Font Info:    External font `cmex10' loaded for size
(Font)              <14.4> on input line 28.
LaTeX Font Info:    External font `cmex10' loaded for size
(Font)              <7> on input line 28.

Overfull \hbox (16.4617pt too wide) in paragraph at lines 28--28
 [][] 
 []

[1



{C:/ProgramData/MiKTeX/2.9/pdftex/config/pdftex.map}] [2

]
(Standardbuch-PASS.toc
LaTeX Font Info:    External font `cmex10' loaded for size
(Font)              <12> on input line 2.
LaTeX Font Info:    External font `cmex10' loaded for size
(Font)              <8> on input line 2.
LaTeX Font Info:    External font `cmex10' loaded for size
(Font)              <6> on input line 2.
 [3])
\tf@toc=\write4
\openout4 = `Standardbuch-PASS.toc'.

 [4]
\openout2 = `./TeX_files/chapter01.aux'.

 (TeX_files/chapter01.tex
Chapter 1.
LaTeX Font Info:    Try loading font information for OMS+cmr on input line 5.
("C:\Program Files\MiKTeX 2.9\tex\latex\base\omscmr.fd"
File: omscmr.fd 2014/09/29 v2.5h Standard LaTeX font definitions
)
LaTeX Font Info:    Font shape `OMS/cmr/m/n' in size <12> not available
(Font)              Font shape `OMS/cmsy/m/n' tried instead on input line 5.
 [1



]
Underfull \hbox (badness 10000) in paragraph at lines 32--33

 []

[2]
<20181026-Ontologie-Bilder/Grafiken-Ontologie/SUbjectExecution/OrderComStructur
e.jpg, id=25, 594.72188pt x 164.11313pt>
File: 20181026-Ontologie-Bilder/Grafiken-Ontologie/SUbjectExecution/OrderComStr
ucture.jpg Graphic file (type jpg)

<use 20181026-Ontologie-Bilder/Grafiken-Ontologie/SUbjectExecution/OrderComStru
cture.jpg>
Package pdftex.def Info: 20181026-Ontologie-Bilder/Grafiken-Ontologie/SUbjectEx
ecution/OrderComStructure.jpg used on input line 45.
(pdftex.def)             Requested size: 272.99881pt x 75.33267pt.

Underfull \hbox (badness 10000) in paragraph at lines 50--52

 []

[3 <./20181026-Ontologie-Bilder/Grafiken-Ontologie/SUbjectExecution/OrderComStr
ucture.jpg>]
<20181026-Ontologie-Bilder/Grafiken-Ontologie/SUbjectExecution/OrderCustomerOrd
erHandling.jpg, id=30, 598.48593pt x 372.64218pt>
File: 20181026-Ontologie-Bilder/Grafiken-Ontologie/SUbjectExecution/OrderCustom
erOrderHandling.jpg Graphic file (type jpg)

<use 20181026-Ontologie-Bilder/Grafiken-Ontologie/SUbjectExecution/OrderCustome
rOrderHandling.jpg>
Package pdftex.def Info: 20181026-Ontologie-Bilder/Grafiken-Ontologie/SUbjectEx
ecution/OrderCustomerOrderHandling.jpg used on input line 55.
(pdftex.def)             Requested size: 272.99881pt x 169.98459pt.
 [4 <./20181026-Ontologie-Bilder/Grafiken-Ontologie/SUbjectExecution/OrderCusto
merOrderHandling.jpg>]
File: 20181026-Ontologie-Bilder/Grafiken-Ontologie/SUbjectExecution/OrderComStr
ucture.jpg Graphic file (type jpg)

<use 20181026-Ontologie-Bilder/Grafiken-Ontologie/SUbjectExecution/OrderComStru
cture.jpg>
Package pdftex.def Info: 20181026-Ontologie-Bilder/Grafiken-Ontologie/SUbjectEx
ecution/OrderComStructure.jpg used on input line 68.
(pdftex.def)             Requested size: 272.99881pt x 75.33267pt.

<20181026-Ontologie-Bilder/Grafiken-Ontologie/SUbjectExecution/OrderCustomerCha
nge.jpg, id=34, 601.4972pt x 405.76593pt>
File: 20181026-Ontologie-Bilder/Grafiken-Ontologie/SUbjectExecution/OrderCustom
erChange.jpg Graphic file (type jpg)

<use 20181026-Ontologie-Bilder/Grafiken-Ontologie/SUbjectExecution/OrderCustome
rChange.jpg>
Package pdftex.def Info: 20181026-Ontologie-Bilder/Grafiken-Ontologie/SUbjectEx
ecution/OrderCustomerChange.jpg used on input line 77.
(pdftex.def)             Requested size: 272.99881pt x 184.16562pt.
 [5 <./20181026-Ontologie-Bilder/Grafiken-Ontologie/SUbjectExecution/OrderCusto
merChange.jpg>]
<20181026-Ontologie-Bilder/Grafiken-Ontologie/SUbjectExecution/SUbjectObject.jp
g, id=38, 441.14813pt x 335.00156pt>
File: 20181026-Ontologie-Bilder/Grafiken-Ontologie/SUbjectExecution/SUbjectObje
ct.jpg Graphic file (type jpg)

<use 20181026-Ontologie-Bilder/Grafiken-Ontologie/SUbjectExecution/SUbjectObjec
t.jpg>
Package pdftex.def Info: 20181026-Ontologie-Bilder/Grafiken-Ontologie/SUbjectEx
ecution/SUbjectObject.jpg used on input line 94.
(pdftex.def)             Requested size: 272.99881pt x 207.32054pt.

Underfull \hbox (badness 10000) in paragraph at lines 106--109

 []

[6 <./20181026-Ontologie-Bilder/Grafiken-Ontologie/SUbjectExecution/SUbjectObje
ct.jpg>]
<20181026-Ontologie-Bilder/Grafiken-Ontologie/Introduction/Classes-Properties.j
pg, id=42, 599.23875pt x 136.25906pt>
File: 20181026-Ontologie-Bilder/Grafiken-Ontologie/Introduction/Classes-Propert
ies.jpg Graphic file (type jpg)

<use 20181026-Ontologie-Bilder/Grafiken-Ontologie/Introduction/Classes-Properti
es.jpg>
Package pdftex.def Info: 20181026-Ontologie-Bilder/Grafiken-Ontologie/Introduct
ion/Classes-Properties.jpg used on input line 115.
(pdftex.def)             Requested size: 272.99881pt x 62.07697pt.
 [7 <./20181026-Ontologie-Bilder/Grafiken-Ontologie/Introduction/Classes-Proper
ties.jpg>] [8]) [9]
\openout2 = `./TeX_files/chapter02.aux'.

 (TeX_files/chapter02.tex [10



]
Chapter 2.
[11] [12] [13]
<20181026-Ontologie-Bilder/Grafiken-Ontologie/SUbject-Interaction/Beispiel-Subj
ect-Interaction.png, id=66, 697.8572pt x 198.7425pt>
File: 20181026-Ontologie-Bilder/Grafiken-Ontologie/SUbject-Interaction/Beispiel
-Subject-Interaction.png Graphic file (type png)

<use 20181026-Ontologie-Bilder/Grafiken-Ontologie/SUbject-Interaction/Beispiel-
Subject-Interaction.png>
Package pdftex.def Info: 20181026-Ontologie-Bilder/Grafiken-Ontologie/SUbject-I
nteraction/Beispiel-Subject-Interaction.png used on input line 65.
(pdftex.def)             Requested size: 398.33858pt x 113.44208pt.

Overfull \hbox (8.33858pt too wide) in paragraph at lines 65--66
 [][] 
 []

[14 <./20181026-Ontologie-Bilder/Grafiken-Ontologie/SUbject-Interaction/Beispie
l-Subject-Interaction.png>]
Underfull \vbox (badness 3547) has occurred while \output is active []

 [15]
[16]
<20181026-Ontologie-Bilder/Grafiken-Ontologie/SUbject-Interaction/input-pool-in
formal.jpg, id=77, 694.84593pt x 196.48407pt>
File: 20181026-Ontologie-Bilder/Grafiken-Ontologie/SUbject-Interaction/input-po
ol-informal.jpg Graphic file (type jpg)

<use 20181026-Ontologie-Bilder/Grafiken-Ontologie/SUbject-Interaction/input-poo
l-informal.jpg>
Package pdftex.def Info: 20181026-Ontologie-Bilder/Grafiken-Ontologie/SUbject-I
nteraction/input-pool-informal.jpg used on input line 109.
(pdftex.def)             Requested size: 341.43306pt x 96.54785pt.
 [17 <./20181026-Ontologie-Bilder/Grafiken-Ontologie/SUbject-Interaction/input-
pool-informal.jpg>]
<20181026-Ontologie-Bilder/Grafiken-Ontologie/SUbject-Interaction/20171217-PASS
ProcessModellElement.jpg, id=81, 909.3975pt x 299.61937pt>
File: 20181026-Ontologie-Bilder/Grafiken-Ontologie/SUbject-Interaction/20171217
-PASSProcessModellElement.jpg Graphic file (type jpg)

<use 20181026-Ontologie-Bilder/Grafiken-Ontologie/SUbject-Interaction/20171217-
PASSProcessModellElement.jpg>
Package pdftex.def Info: 20181026-Ontologie-Bilder/Grafiken-Ontologie/SUbject-I
nteraction/20171217-PASSProcessModellElement.jpg used on input line 131.
(pdftex.def)             Requested size: 350.99762pt x 115.64412pt.

<20181026-Ontologie-Bilder/Grafiken-Ontologie/SUbject-Interaction/20181217-PASS
ProcessModel.jpg, id=82, 700.11563pt x 540.51938pt>
File: 20181026-Ontologie-Bilder/Grafiken-Ontologie/SUbject-Interaction/20181217
-PASSProcessModel.jpg Graphic file (type jpg)

<use 20181026-Ontologie-Bilder/Grafiken-Ontologie/SUbject-Interaction/20181217-
PASSProcessModel.jpg>
Package pdftex.def Info: 20181026-Ontologie-Bilder/Grafiken-Ontologie/SUbject-I
nteraction/20181217-PASSProcessModel.jpg used on input line 145.
(pdftex.def)             Requested size: 390.0pt x 301.10524pt.

Overfull \hbox (0.51497pt too wide) in paragraph at lines 150--151
[]\OT1/cmr/m/n/12 PASSProcessModelElements and PASSPro-cess-Mod-ells have a nam
e. This
 []

[18 <./20181026-Ontologie-Bilder/Grafiken-Ontologie/SUbject-Interaction/2017121
7-PASSProcessModellElement.jpg>] [19 <./20181026-Ontologie-Bilder/Grafiken-Onto
logie/SUbject-Interaction/20181217-PASSProcessModel.jpg>]
<20181026-Ontologie-Bilder/Grafiken-Ontologie/SUbject-Interaction/20181218-Data
.jpg, id=89, 1035.87pt x 500.62032pt>
File: 20181026-Ontologie-Bilder/Grafiken-Ontologie/SUbject-Interaction/20181218
-Data.jpg Graphic file (type jpg)

<use 20181026-Ontologie-Bilder/Grafiken-Ontologie/SUbject-Interaction/20181218-
Data.jpg>
Package pdftex.def Info: 20181026-Ontologie-Bilder/Grafiken-Ontologie/SUbject-I
nteraction/20181218-Data.jpg used on input line 158.
(pdftex.def)             Requested size: 350.99762pt x 169.6281pt.
 [20 <./20181026-Ontologie-Bilder/Grafiken-Ontologie/SUbject-Interaction/201812
18-Data.jpg>]
<20181026-Ontologie-Bilder/Grafiken-Ontologie/SUbject-Interaction/OntoGrSubject
Interaction.jpg, id=93, 1202.24156pt x 587.19376pt>
File: 20181026-Ontologie-Bilder/Grafiken-Ontologie/SUbject-Interaction/OntoGrSu
bjectInteraction.jpg Graphic file (type jpg)

<use 20181026-Ontologie-Bilder/Grafiken-Ontologie/SUbject-Interaction/OntoGrSub
jectInteraction.jpg>
Package pdftex.def Info: 20181026-Ontologie-Bilder/Grafiken-Ontologie/SUbject-I
nteraction/OntoGrSubjectInteraction.jpg used on input line 175.
(pdftex.def)             Requested size: 390.0pt x 190.47731pt.
 [21 <./20181026-Ontologie-Bilder/Grafiken-Ontologie/SUbject-Interaction/OntoGr
SubjectInteraction.jpg>]) [22]
\openout2 = `./TeX_files/chapter03.aux'.

 (TeX_files/chapter03.tex
Chapter 3.
[23



]
<20181026-Ontologie-Bilder/Grafiken-Ontologie/SUbjectExecution/sendState.jpg, i
d=104, 478.78876pt x 225.09094pt>
File: 20181026-Ontologie-Bilder/Grafiken-Ontologie/SUbjectExecution/sendState.j
pg Graphic file (type jpg)

<use 20181026-Ontologie-Bilder/Grafiken-Ontologie/SUbjectExecution/sendState.jp
g>
Package pdftex.def Info: 20181026-Ontologie-Bilder/Grafiken-Ontologie/SUbjectEx
ecution/sendState.jpg used on input line 14.
(pdftex.def)             Requested size: 272.99881pt x 128.34438pt.

<20181026-Ontologie-Bilder/Grafiken-Ontologie/SUbjectExecution/SendSTateTimer.j
pg, id=105, 685.05937pt x 226.59656pt>
File: 20181026-Ontologie-Bilder/Grafiken-Ontologie/SUbjectExecution/SendSTateTi
mer.jpg Graphic file (type jpg)

<use 20181026-Ontologie-Bilder/Grafiken-Ontologie/SUbjectExecution/SendSTateTim
er.jpg>
Package pdftex.def Info: 20181026-Ontologie-Bilder/Grafiken-Ontologie/SUbjectEx
ecution/SendSTateTimer.jpg used on input line 25.
(pdftex.def)             Requested size: 272.99881pt x 90.30162pt.
 [24 <./20181026-Ontologie-Bilder/Grafiken-Ontologie/SUbjectExecution/sendState
.jpg> <./20181026-Ontologie-Bilder/Grafiken-Ontologie/SUbjectExecution/SendSTat
eTimer.jpg>]
<20181026-Ontologie-Bilder/Grafiken-Ontologie/SUbjectExecution/ReceiveState.jpg
, id=109, 579.66562pt x 274.77657pt>
File: 20181026-Ontologie-Bilder/Grafiken-Ontologie/SUbjectExecution/ReceiveStat
e.jpg Graphic file (type jpg)

<use 20181026-Ontologie-Bilder/Grafiken-Ontologie/SUbjectExecution/ReceiveState
.jpg>
Package pdftex.def Info: 20181026-Ontologie-Bilder/Grafiken-Ontologie/SUbjectEx
ecution/ReceiveState.jpg used on input line 42.
(pdftex.def)             Requested size: 272.99881pt x 129.40913pt.

<20181026-Ontologie-Bilder/Grafiken-Ontologie/SUbjectExecution/ReceiveStateTime
r.jpg, id=110, 599.23875pt x 304.13625pt>
File: 20181026-Ontologie-Bilder/Grafiken-Ontologie/SUbjectExecution/ReceiveStat
eTimer.jpg Graphic file (type jpg)

<use 20181026-Ontologie-Bilder/Grafiken-Ontologie/SUbjectExecution/ReceiveState
Timer.jpg>
Package pdftex.def Info: 20181026-Ontologie-Bilder/Grafiken-Ontologie/SUbjectEx
ecution/ReceiveStateTimer.jpg used on input line 51.
(pdftex.def)             Requested size: 272.99881pt x 138.55855pt.

Overfull \hbox (67.84975pt too wide) has occurred while \output is active
\OT1/cmr/m/sl/12 3.1.  INFORMAL DESCRIPTION OF SUBJECT BEHAVIOR AND ITS EXECUTI
ON \OT1/cmr/m/n/12 25
 []

[25 <./20181026-Ontologie-Bilder/Grafiken-Ontologie/SUbjectExecution/ReceiveSta
te.jpg>]
<20181026-Ontologie-Bilder/Grafiken-Ontologie/SUbjectExecution/ReceiveStateBrea
k.jpg, id=114, 618.81187pt x 309.40594pt>
File: 20181026-Ontologie-Bilder/Grafiken-Ontologie/SUbjectExecution/ReceiveStat
eBreak.jpg Graphic file (type jpg)

<use 20181026-Ontologie-Bilder/Grafiken-Ontologie/SUbjectExecution/ReceiveState
Break.jpg>
Package pdftex.def Info: 20181026-Ontologie-Bilder/Grafiken-Ontologie/SUbjectEx
ecution/ReceiveStateBreak.jpg used on input line 63.
(pdftex.def)             Requested size: 272.99881pt x 136.50256pt.
 [26]
Overfull \hbox (67.84975pt too wide) has occurred while \output is active
\OT1/cmr/m/sl/12 3.1.  INFORMAL DESCRIPTION OF SUBJECT BEHAVIOR AND ITS EXECUTI
ON \OT1/cmr/m/n/12 27
 []

[27 <./20181026-Ontologie-Bilder/Grafiken-Ontologie/SUbjectExecution/ReceiveSta
teTimer.jpg> <./20181026-Ontologie-Bilder/Grafiken-Ontologie/SUbjectExecution/R
eceiveStateBreak.jpg>]
<20181026-Ontologie-Bilder/Grafiken-Ontologie/SUbjectExecution/Behavior-Symbole
.jpg, id=122, 228.10219pt x 124.96687pt>
File: 20181026-Ontologie-Bilder/Grafiken-Ontologie/SUbjectExecution/Behavior-Sy
mbole.jpg Graphic file (type jpg)

<use 20181026-Ontologie-Bilder/Grafiken-Ontologie/SUbjectExecution/Behavior-Sym
bole.jpg>
Package pdftex.def Info: 20181026-Ontologie-Bilder/Grafiken-Ontologie/SUbjectEx
ecution/Behavior-Symbole.jpg used on input line 76.
(pdftex.def)             Requested size: 195.0pt x 106.83443pt.
 [28 <./20181026-Ontologie-Bilder/Grafiken-Ontologie/SUbjectExecution/Behavior-
Symbole.jpg>]
<20181026-Ontologie-Bilder/Grafiken-Ontologie/SUbjectExecution/Vollst-Beispiel.
jpg, id=126, 938.75719pt x 494.59781pt>
File: 20181026-Ontologie-Bilder/Grafiken-Ontologie/SUbjectExecution/Vollst-Beis
piel.jpg Graphic file (type jpg)

<use 20181026-Ontologie-Bilder/Grafiken-Ontologie/SUbjectExecution/Vollst-Beisp
iel.jpg>
Package pdftex.def Info: 20181026-Ontologie-Bilder/Grafiken-Ontologie/SUbjectEx
ecution/Vollst-Beispiel.jpg used on input line 89.
(pdftex.def)             Requested size: 414.3982pt x 218.32556pt.

Overfull \hbox (67.84975pt too wide) has occurred while \output is active
\OT1/cmr/m/sl/12 3.1.  INFORMAL DESCRIPTION OF SUBJECT BEHAVIOR AND ITS EXECUTI
ON \OT1/cmr/m/n/12 29
 []

[29

 <./20181026-Ontologie-Bilder/Grafiken-Ontologie/SUbjectExecution/Vollst-Beispi
el.jpg>]
<20181026-Ontologie-Bilder/Grafiken-Ontologie/SUbjectExecution/MacroBehavior.jp
g, id=130, 132.495pt x 452.4403pt>
File: 20181026-Ontologie-Bilder/Grafiken-Ontologie/SUbjectExecution/MacroBehavi
or.jpg Graphic file (type jpg)

<use 20181026-Ontologie-Bilder/Grafiken-Ontologie/SUbjectExecution/MacroBehavio
r.jpg>
Package pdftex.def Info: 20181026-Ontologie-Bilder/Grafiken-Ontologie/SUbjectEx
ecution/MacroBehavior.jpg used on input line 115.
(pdftex.def)             Requested size: 77.99881pt x 266.35066pt.
 [30

]
<20181026-Ontologie-Bilder/Grafiken-Ontologie/SUbjectExecution/MacroUsage.jpg, 
id=134, 580.41844pt x 478.03593pt>
File: 20181026-Ontologie-Bilder/Grafiken-Ontologie/SUbjectExecution/MacroUsage.
jpg Graphic file (type jpg)

<use 20181026-Ontologie-Bilder/Grafiken-Ontologie/SUbjectExecution/MacroUsage.j
pg>
Package pdftex.def Info: 20181026-Ontologie-Bilder/Grafiken-Ontologie/SUbjectEx
ecution/MacroUsage.jpg used on input line 130.
(pdftex.def)             Requested size: 234.00238pt x 192.72818pt.

Overfull \hbox (67.84975pt too wide) has occurred while \output is active
\OT1/cmr/m/sl/12 3.1.  INFORMAL DESCRIPTION OF SUBJECT BEHAVIOR AND ITS EXECUTI
ON \OT1/cmr/m/n/12 31
 []

[31] [32 <./20181026-Ontologie-Bilder/Grafiken-Ontologie/SUbjectExecution/Macro
Behavior.jpg> <./20181026-Ontologie-Bilder/Grafiken-Ontologie/SUbjectExecution/
MacroUsage.jpg>]
<20181026-Ontologie-Bilder/Grafiken-Ontologie/SUbjectExecution/SID-Exception.jp
g, id=141, 680.5425pt x 108.405pt>
File: 20181026-Ontologie-Bilder/Grafiken-Ontologie/SUbjectExecution/SID-Excepti
on.jpg Graphic file (type jpg)

<use 20181026-Ontologie-Bilder/Grafiken-Ontologie/SUbjectExecution/SID-Exceptio
n.jpg>
Package pdftex.def Info: 20181026-Ontologie-Bilder/Grafiken-Ontologie/SUbjectEx
ecution/SID-Exception.jpg used on input line 152.
(pdftex.def)             Requested size: 272.99881pt x 43.48694pt.

Overfull \hbox (67.84975pt too wide) has occurred while \output is active
\OT1/cmr/m/sl/12 3.1.  INFORMAL DESCRIPTION OF SUBJECT BEHAVIOR AND ITS EXECUTI
ON \OT1/cmr/m/n/12 33
 []

[33 <./20181026-Ontologie-Bilder/Grafiken-Ontologie/SUbjectExecution/SID-Except
ion.jpg>]
<20181026-Ontologie-Bilder/Grafiken-Ontologie/SUbjectExecution/ExceptionHandlin
g.jpg, id=146, 662.475pt x 590.95781pt>
File: 20181026-Ontologie-Bilder/Grafiken-Ontologie/SUbjectExecution/ExceptionHa
ndling.jpg Graphic file (type jpg)

<use 20181026-Ontologie-Bilder/Grafiken-Ontologie/SUbjectExecution/ExceptionHan
dling.jpg>
Package pdftex.def Info: 20181026-Ontologie-Bilder/Grafiken-Ontologie/SUbjectEx
ecution/ExceptionHandling.jpg used on input line 163.
(pdftex.def)             Requested size: 272.99881pt x 243.52061pt.
 [34 <./20181026-Ontologie-Bilder/Grafiken-Ontologie/SUbjectExecution/Exception
Handling.jpg>]
<20181026-Ontologie-Bilder/Grafiken-Ontologie/SUbjectExecution/Extension.jpg, i
d=150, 662.475pt x 433.62pt>
File: 20181026-Ontologie-Bilder/Grafiken-Ontologie/SUbjectExecution/Extension.j
pg Graphic file (type jpg)

<use 20181026-Ontologie-Bilder/Grafiken-Ontologie/SUbjectExecution/Extension.jp
g>
Package pdftex.def Info: 20181026-Ontologie-Bilder/Grafiken-Ontologie/SUbjectEx
ecution/Extension.jpg used on input line 177.
(pdftex.def)             Requested size: 272.99881pt x 178.6852pt.

Underfull \hbox (badness 10000) in paragraph at lines 188--190

 []


Overfull \hbox (67.84975pt too wide) has occurred while \output is active
\OT1/cmr/m/sl/12 3.1.  INFORMAL DESCRIPTION OF SUBJECT BEHAVIOR AND ITS EXECUTI
ON \OT1/cmr/m/n/12 35
 []

[35 <./20181026-Ontologie-Bilder/Grafiken-Ontologie/SUbjectExecution/Extension.
jpg>] [36]
File: 20181026-Ontologie-Bilder/Grafiken-Ontologie/SUbjectExecution/Extension.j
pg Graphic file (type jpg)

<use 20181026-Ontologie-Bilder/Grafiken-Ontologie/SUbjectExecution/Extension.jp
g>
Package pdftex.def Info: 20181026-Ontologie-Bilder/Grafiken-Ontologie/SUbjectEx
ecution/Extension.jpg used on input line 202.
(pdftex.def)             Requested size: 272.99881pt x 178.6852pt.

Overfull \hbox (67.84975pt too wide) has occurred while \output is active
\OT1/cmr/m/sl/12 3.1.  INFORMAL DESCRIPTION OF SUBJECT BEHAVIOR AND ITS EXECUTI
ON \OT1/cmr/m/n/12 37
 []

[37]
<20181026-Ontologie-Bilder/Grafiken-Ontologie/SUbjectExecution/ALternative.jpg,
 id=160, 573.64313pt x 620.3175pt>
File: 20181026-Ontologie-Bilder/Grafiken-Ontologie/SUbjectExecution/ALternative
.jpg Graphic file (type jpg)

<use 20181026-Ontologie-Bilder/Grafiken-Ontologie/SUbjectExecution/ALternative.
jpg>
Package pdftex.def Info: 20181026-Ontologie-Bilder/Grafiken-Ontologie/SUbjectEx
ecution/ALternative.jpg used on input line 227.
(pdftex.def)             Requested size: 272.99881pt x 295.21233pt.


LaTeX Warning: `!h' float specifier changed to `!ht'.

[38]
Overfull \hbox (67.84975pt too wide) has occurred while \output is active
\OT1/cmr/m/sl/12 3.1.  INFORMAL DESCRIPTION OF SUBJECT BEHAVIOR AND ITS EXECUTI
ON \OT1/cmr/m/n/12 39
 []

[39 <./20181026-Ontologie-Bilder/Grafiken-Ontologie/SUbjectExecution/ALternativ
e.jpg>]
<20181026-Ontologie-Bilder/Grafiken-Ontologie/SUbjectExecution/20190104-SImple-
Elements-and-Modellelement.jpg, id=168, 982.42032pt x 470.50781pt>
File: 20181026-Ontologie-Bilder/Grafiken-Ontologie/SUbjectExecution/20190104-SI
mple-Elements-and-Modellelement.jpg Graphic file (type jpg)

<use 20181026-Ontologie-Bilder/Grafiken-Ontologie/SUbjectExecution/20190104-SIm
ple-Elements-and-Modellelement.jpg>
Package pdftex.def Info: 20181026-Ontologie-Bilder/Grafiken-Ontologie/SUbjectEx
ecution/20190104-SImple-Elements-and-Modellelement.jpg used on input line 248.
(pdftex.def)             Requested size: 350.99762pt x 168.09756pt.
 [40 <./20181026-Ontologie-Bilder/Grafiken-Ontologie/SUbjectExecution/20190104-
SImple-Elements-and-Modellelement.jpg>]
<20181026-Ontologie-Bilder/Grafiken-Ontologie/SUbjectExecution/20190104-Behavio
r-describing-component.jpg, id=172, 1029.09468pt x 633.11531pt>
File: 20181026-Ontologie-Bilder/Grafiken-Ontologie/SUbjectExecution/20190104-Be
havior-describing-component.jpg Graphic file (type jpg)

<use 20181026-Ontologie-Bilder/Grafiken-Ontologie/SUbjectExecution/20190104-Beh
avior-describing-component.jpg>
Package pdftex.def Info: 20181026-Ontologie-Bilder/Grafiken-Ontologie/SUbjectEx
ecution/20190104-Behavior-describing-component.jpg used on input line 259.
(pdftex.def)             Requested size: 390.0pt x 239.93906pt.
 [41 <./20181026-Ontologie-Bilder/Grafiken-Ontologie/SUbjectExecution/20190104-
Behavior-describing-component.jpg>]
<20181026-Ontologie-Bilder/Grafiken-Ontologie/SUbjectExecution/20190109-States.
jpg, id=176, 1032.85875pt x 585.68813pt>
File: 20181026-Ontologie-Bilder/Grafiken-Ontologie/SUbjectExecution/20190109-St
ates.jpg Graphic file (type jpg)

<use 20181026-Ontologie-Bilder/Grafiken-Ontologie/SUbjectExecution/20190109-Sta
tes.jpg>
Package pdftex.def Info: 20181026-Ontologie-Bilder/Grafiken-Ontologie/SUbjectEx
ecution/20190109-States.jpg used on input line 274.
(pdftex.def)             Requested size: 390.0pt x 221.15176pt.
 [42 <./20181026-Ontologie-Bilder/Grafiken-Ontologie/SUbjectExecution/20190109-
States.jpg>]
<20181026-Ontologie-Bilder/Grafiken-Ontologie/SUbjectExecution/20190105-Transit
ions.jpg, id=180, 1105.12875pt x 649.67719pt>
File: 20181026-Ontologie-Bilder/Grafiken-Ontologie/SUbjectExecution/20190105-Tr
ansitions.jpg Graphic file (type jpg)

<use 20181026-Ontologie-Bilder/Grafiken-Ontologie/SUbjectExecution/20190105-Tra
nsitions.jpg>
Package pdftex.def Info: 20181026-Ontologie-Bilder/Grafiken-Ontologie/SUbjectEx
ecution/20190105-Transitions.jpg used on input line 290.
(pdftex.def)             Requested size: 390.0pt x 229.26402pt.
 [43 <./20181026-Ontologie-Bilder/Grafiken-Ontologie/SUbjectExecution/20190105-
Transitions.jpg>]
<20181026-Ontologie-Bilder/Grafiken-Ontologie/SUbjectExecution/ASM-Behavior.jpg
, id=184, 749.04843pt x 439.6425pt>
File: 20181026-Ontologie-Bilder/Grafiken-Ontologie/SUbjectExecution/ASM-Behavio
r.jpg Graphic file (type jpg)

<use 20181026-Ontologie-Bilder/Grafiken-Ontologie/SUbjectExecution/ASM-Behavior
.jpg>
Package pdftex.def Info: 20181026-Ontologie-Bilder/Grafiken-Ontologie/SUbjectEx
ecution/ASM-Behavior.jpg used on input line 313.
(pdftex.def)             Requested size: 272.99881pt x 160.23003pt.

<20181026-Ontologie-Bilder/Grafiken-Ontologie/SUbjectExecution/ASM-perform.jpg,
 id=185, 630.10406pt x 475.02469pt>
File: 20181026-Ontologie-Bilder/Grafiken-Ontologie/SUbjectExecution/ASM-perform
.jpg Graphic file (type jpg)

<use 20181026-Ontologie-Bilder/Grafiken-Ontologie/SUbjectExecution/ASM-perform.
jpg>
Package pdftex.def Info: 20181026-Ontologie-Bilder/Grafiken-Ontologie/SUbjectEx
ecution/ASM-perform.jpg used on input line 337.
(pdftex.def)             Requested size: 272.99881pt x 205.80775pt.
 [44 <./20181026-Ontologie-Bilder/Grafiken-Ontologie/SUbjectExecution/ASM-Behav
ior.jpg>]) [45 <./20181026-Ontologie-Bilder/Grafiken-Ontologie/SUbjectExecution
/ASM-perform.jpg>]
\openout2 = `./TeX_files/appendix.aux'.

 (TeX_files/appendix.tex [46



]
Appendix A.
[47]
Overfull \hbox (9.49628pt too wide) in paragraph at lines 29--32
\OT1/cmr/m/it/12 Specifications/descriptions for Receive-Functions de-scribe
 []


Overfull \hbox (2.8884pt too wide) in paragraph at lines 29--32
\OT1/cmr/m/it/12 DefaultFunctionReceive1[]EnvoironmentChoice : present
 []


Overfull \hbox (4.72173pt too wide) in paragraph at lines 29--32
\OT1/cmr/m/it/12 DefaultFunctionReceive2[]AutoReceiveEarliest: au-to-mat-
 []


Overfull \hbox (7.19658pt too wide) has occurred while \output is active
\OT1/cmr/m/n/12 48 \OT1/cmr/m/sl/12 APPENDIX A.  CLASSES AND PROPERTY OF THE PA
SS ONTOLOGY
 []

[48]
Overfull \hbox (1.03508pt too wide) in paragraph at lines 46--48
\OT1/cmr/m/it/12 the Choic-e-Seg-ment-Path.The path may con-tain any amount
 []

[49]
Overfull \hbox (15.94621pt too wide) in paragraph at lines 51--52
\OT1/cmr/m/it/12 ChoiceSegmentPath and (isOp-tion-al-ToEnd-Choic-e-Seg-ment-
 []


Overfull \hbox (7.19658pt too wide) has occurred while \output is active
\OT1/cmr/m/n/12 50 \OT1/cmr/m/sl/12 APPENDIX A.  CLASSES AND PROPERTY OF THE PA
SS ONTOLOGY
 []

[50] [51]
Overfull \hbox (3.42363pt too wide) in paragraph at lines 86--87
\OT1/cmr/m/it/12 or months. The ex-act def-i-ni-tions for years and months
 []


Overfull \hbox (7.19658pt too wide) has occurred while \output is active
\OT1/cmr/m/n/12 52 \OT1/cmr/m/sl/12 APPENDIX A.  CLASSES AND PROPERTY OF THE PA
SS ONTOLOGY
 []

[52] [53]
Overfull \hbox (8.36134pt too wide) in paragraph at lines 117--119
\OT1/cmr/m/it/12 vid-ual $\OML/cmm/m/it/12 DataObjectDefinition$ \OT1/cmr/m/it/
12 in form of a $\OML/cmm/m/it/12 SubjectDataDefinition$
 []


Overfull \hbox (12.98004pt too wide) in paragraph at lines 117--119
\OT1/cmr/m/it/12 ($\OML/cmm/m/it/12 CustomOrExternalDataTypeDefinition$\OT1/cmr
/m/it/12 ) such as XML-Schemata
 []


Overfull \hbox (7.19658pt too wide) has occurred while \output is active
\OT1/cmr/m/n/12 54 \OT1/cmr/m/sl/12 APPENDIX A.  CLASSES AND PROPERTY OF THE PA
SS ONTOLOGY
 []

[54]
Overfull \hbox (5.79068pt too wide) in paragraph at lines 131--132
\OT1/cmr/m/it/12 tech-nol-ogy for de-scrib-ing struc-ture of Data Ob-jects (XML

 []

[55]
Overfull \hbox (56.79556pt too wide) in paragraph at lines 143--149
\OT1/cmr/m/it/12 Should a con-straint be ap-pli-ca-ble, an "In-put-Pool-Con-str
aintHandlingStrat-
 []


Overfull \hbox (13.94412pt too wide) in paragraph at lines 143--149
\OT1/cmr/m/it/12 with the InputPoolConstraintStrategy-Blocking is ef-fec-tively
 mod-
 []


Overfull \hbox (7.19658pt too wide) has occurred while \output is active
\OT1/cmr/m/n/12 56 \OT1/cmr/m/sl/12 APPENDIX A.  CLASSES AND PROPERTY OF THE PA
SS ONTOLOGY
 []

[56] [57]
Overfull \hbox (7.19658pt too wide) has occurred while \output is active
\OT1/cmr/m/n/12 58 \OT1/cmr/m/sl/12 APPENDIX A.  CLASSES AND PROPERTY OF THE PA
SS ONTOLOGY
 []

[58]
Overfull \hbox (16.27095pt too wide) in paragraph at lines 211--212
\OT1/cmr/m/it/12 A Tran-si-tion-Con-di-tion for the ac-cord-ing DoTran-si-tions
 and DoStates. 
 []

[59]
Overfull \hbox (9.43867pt too wide) in paragraph at lines 220--223
\OT1/cmr/m/it/12 DefaultFunctionReceive1[]EnvoironmentChoice : present the
 []


Overfull \hbox (11.8242pt too wide) in paragraph at lines 220--223
\OT1/cmr/m/it/12 sur-round-ing ex-e-cu-tion en-vi-ron-ment with the given exit 
choic-
 []


Overfull \hbox (7.19658pt too wide) has occurred while \output is active
\OT1/cmr/m/n/12 60 \OT1/cmr/m/sl/12 APPENDIX A.  CLASSES AND PROPERTY OF THE PA
SS ONTOLOGY
 []

[60] [61]
Overfull \hbox (7.19658pt too wide) has occurred while \output is active
\OT1/cmr/m/n/12 62 \OT1/cmr/m/sl/12 APPENDIX A.  CLASSES AND PROPERTY OF THE PA
SS ONTOLOGY
 []

[62] [63]
Overfull \hbox (7.19658pt too wide) has occurred while \output is active
\OT1/cmr/m/n/12 64 \OT1/cmr/m/sl/12 APPENDIX A.  CLASSES AND PROPERTY OF THE PA
SS ONTOLOGY
 []

[64]
Overfull \hbox (2.64723pt too wide) in paragraph at lines 281--282
[]|\OT1/cmr/m/n/12 Reference| 
 []


Overfull \hbox (0.67015pt too wide) in paragraph at lines 285--285
[]|\OT1/cmr/m/n/12 Domain:| 
 []


Overfull \hbox (1.20387pt too wide) in paragraph at lines 285--285
[]|\OT1/cmr/m/n/12 PASSProcessModelElement| 
 []


Underfull \hbox (badness 2717) in paragraph at lines 285--285
\OT1/cmr/m/n/12 links two pro-cess el-e-ments,
 []


Overfull \hbox (1.20387pt too wide) in paragraph at lines 286--286
[]|\OT1/cmr/m/n/12 PASSProcessModelElement| 
 []


Overfull \hbox (0.67015pt too wide) in paragraph at lines 288--288
[]|\OT1/cmr/m/n/12 Domain:| 
 []


Overfull \hbox (1.20387pt too wide) in paragraph at lines 288--288
[]|\OT1/cmr/m/n/12 PASSProcessModelElement| 
 []


Underfull \hbox (badness 10000) in paragraph at lines 288--288
\OT1/cmr/m/n/12 links two model el-e-ments
 []


Underfull \hbox (badness 1748) in paragraph at lines 288--288
\OT1/cmr/m/n/12 where one con-tains an-other
 []


Overfull \hbox (1.20387pt too wide) in paragraph at lines 289--289
[]|\OT1/cmr/m/n/12 PASSProcessModelElement| 
 []


Overfull \hbox (0.67015pt too wide) in paragraph at lines 291--291
[]|\OT1/cmr/m/n/12 Domain:| 
 []


Overfull \hbox (0.67015pt too wide) in paragraph at lines 294--294
[]|\OT1/cmr/m/n/12 Domain:| 
 []


Underfull \hbox (badness 10000) in paragraph at lines 297--297
[]|\OT1/cmr/m/n/12 containsPayload-
 []


Overfull \hbox (0.67015pt too wide) in paragraph at lines 297--297
[]|\OT1/cmr/m/n/12 Domain:| 
 []


Overfull \hbox (0.67015pt too wide) in paragraph at lines 300--300
[]|\OT1/cmr/m/n/12 Domain:| 
 []


Overfull \hbox (0.67015pt too wide) in paragraph at lines 303--303
[]|\OT1/cmr/m/n/12 Domain:| 
 []


Overfull \hbox (0.67015pt too wide) in paragraph at lines 306--306
[]|\OT1/cmr/m/n/12 Domain:| 
 []


Overfull \hbox (2.83923pt too wide) in paragraph at lines 309--309
[]|\OT1/cmr/m/n/12 hasAdditionalAttribute| 
 []


Overfull \hbox (0.67015pt too wide) in paragraph at lines 309--309
[]|\OT1/cmr/m/n/12 Domain:| 
 []


Overfull \hbox (1.20387pt too wide) in paragraph at lines 309--309
[]|\OT1/cmr/m/n/12 PASSProcessModelElement| 
 []


Overfull \hbox (0.67015pt too wide) in paragraph at lines 312--312
[]|\OT1/cmr/m/n/12 Domain:| 
 []


Underfull \vbox (badness 10000) detected at line 314
 []


Overfull \hbox (0.67015pt too wide) in paragraph at lines 315--315
[]|\OT1/cmr/m/n/12 Domain:| 
 []


Underfull \hbox (badness 10000) in paragraph at lines 319--319
[]|\OT1/cmr/m/n/12 hasDataMapping-
 []


Overfull \hbox (0.67015pt too wide) in paragraph at lines 319--319
[]|\OT1/cmr/m/n/12 Domain:| 
 []


Overfull \hbox (0.67015pt too wide) in paragraph at lines 322--322
[]|\OT1/cmr/m/n/12 Domain:| 
 []


Underfull \hbox (badness 10000) in paragraph at lines 322--322
[]|\OT1/cmr/m/n/12 PayloadDescription or
 []


Overfull \hbox (0.67015pt too wide) in paragraph at lines 325--325
[]|\OT1/cmr/m/n/12 Domain:| 
 []


Underfull \hbox (badness 10000) in paragraph at lines 328--328
[]|\OT1/cmr/m/n/12 hasFunction-
 []


Overfull \hbox (0.67015pt too wide) in paragraph at lines 328--328
[]|\OT1/cmr/m/n/12 Domain:| 
 []


Overfull \hbox (0.67015pt too wide) in paragraph at lines 331--331
[]|\OT1/cmr/m/n/12 Domain:| 
 []


Underfull \hbox (badness 10000) in paragraph at lines 332--332
[]|\OT1/cmr/m/n/12 InputPoolContstraint-
 []


Underfull \hbox (badness 10000) in paragraph at lines 334--334
[]|\OT1/cmr/m/n/12 hasIncomingMessage-
 []


Overfull \hbox (0.67015pt too wide) in paragraph at lines 334--334
[]|\OT1/cmr/m/n/12 Domain:| 
 []


Overfull \hbox (0.67015pt too wide) in paragraph at lines 337--337
[]|\OT1/cmr/m/n/12 Domain:| 
 []


Overfull \hbox (0.67015pt too wide) in paragraph at lines 340--340
[]|\OT1/cmr/m/n/12 Domain:| 
 []


Overfull \hbox (6.00726pt too wide) in paragraph at lines 344--344
[]|\OT1/cmr/m/n/12 hasInputPoolConstraint| 
 []


Overfull \hbox (0.67015pt too wide) in paragraph at lines 344--344
[]|\OT1/cmr/m/n/12 Domain:| 
 []

[65

]
Overfull \hbox (0.67015pt too wide) in paragraph at lines 347--347
[]|\OT1/cmr/m/n/12 Domain:| 
 []


Overfull \hbox (0.67015pt too wide) in paragraph at lines 350--350
[]|\OT1/cmr/m/n/12 Domain:| 
 []


Overfull \hbox (0.67015pt too wide) in paragraph at lines 353--353
[]|\OT1/cmr/m/n/12 Domain:| 
 []


Underfull \hbox (badness 10000) in paragraph at lines 353--353
[]|\OT1/cmr/m/n/12 MessageTypeConstraint
 []


Underfull \hbox (badness 10000) in paragraph at lines 353--353
\OT1/cmr/m/n/12 or Mes-sage-Sender-Type-
 []


Underfull \hbox (badness 10000) in paragraph at lines 356--356
[]|\OT1/cmr/m/n/12 hasOutgoingMessage-
 []


Overfull \hbox (0.67015pt too wide) in paragraph at lines 356--356
[]|\OT1/cmr/m/n/12 Domain:| 
 []


Overfull \hbox (0.67015pt too wide) in paragraph at lines 359--359
[]|\OT1/cmr/m/n/12 Domain:| 
 []


Overfull \hbox (0.67015pt too wide) in paragraph at lines 362--362
[]|\OT1/cmr/m/n/12 Domain:| 
 []


Underfull \hbox (badness 10000) in paragraph at lines 365--365
[]|\OT1/cmr/m/n/12 hasRelationToModel-
 []


Overfull \hbox (0.67015pt too wide) in paragraph at lines 365--365
[]|\OT1/cmr/m/n/12 Domain:| 
 []


Overfull \hbox (1.20387pt too wide) in paragraph at lines 365--365
[]|\OT1/cmr/m/n/12 PASSProcessModelElement| 
 []


Underfull \hbox (badness 4328) in paragraph at lines 365--365
\OT1/cmr/m/n/12 pass-ont that are used to
 []


Overfull \hbox (1.20387pt too wide) in paragraph at lines 366--366
[]|\OT1/cmr/m/n/12 PASSProcessModelElement| 
 []


Overfull \hbox (0.67015pt too wide) in paragraph at lines 368--368
[]|\OT1/cmr/m/n/12 Domain:| 
 []


Overfull \hbox (0.67015pt too wide) in paragraph at lines 371--371
[]|\OT1/cmr/m/n/12 Domain:| 
 []


Overfull \hbox (0.67015pt too wide) in paragraph at lines 374--374
[]|\OT1/cmr/m/n/12 Domain:| 
 []


Overfull \hbox (7.19658pt too wide) has occurred while \output is active
\OT1/cmr/m/n/12 66 \OT1/cmr/m/sl/12 APPENDIX A.  CLASSES AND PROPERTY OF THE PA
SS ONTOLOGY
 []

[66] [67]
Overfull \hbox (3.56561pt too wide) in paragraph at lines 380--380
[]|\OT1/cmr/m/n/12 hasTransitionCondition| 
 []


Overfull \hbox (0.67015pt too wide) in paragraph at lines 383--383
[]|\OT1/cmr/m/n/12 Domain:| 
 []


Underfull \hbox (badness 10000) in paragraph at lines 383--383
[]|\OT1/cmr/m/n/12 A spe-cial-ized ver-sion of
 []


Underfull \hbox (badness 10000) in paragraph at lines 383--383
\OT1/cmr/m/n/12 the "be-longsTo" Ob-ject-
 []


Underfull \hbox (badness 2521) in paragraph at lines 383--383
\OT1/cmr/m/n/12 Prop-erty to de-note that a
 []


Overfull \hbox (0.67015pt too wide) in paragraph at lines 386--386
[]|\OT1/cmr/m/n/12 Domain:| 
 []


Overfull \hbox (0.67015pt too wide) in paragraph at lines 389--389
[]|\OT1/cmr/m/n/12 Domain:| 
 []


Overfull \hbox (0.67015pt too wide) in paragraph at lines 392--392
[]|\OT1/cmr/m/n/12 Domain:| 
 []


Overfull \hbox (0.67015pt too wide) in paragraph at lines 395--395
[]|\OT1/cmr/m/n/12 Domain:| 
 []


Overfull \hbox (10.83777pt too wide) in paragraph at lines 398--398
[]|\OT1/cmr/m/n/12 referencesMacroBehavior| 
 []


Overfull \hbox (0.67015pt too wide) in paragraph at lines 398--398
[]|\OT1/cmr/m/n/12 Domain:| 
 []


Overfull \hbox (0.67015pt too wide) in paragraph at lines 401--401
[]|\OT1/cmr/m/n/12 Domain:| 
 []


Underfull \hbox (badness 10000) in paragraph at lines 401--401
[]|\OT1/cmr/m/n/12 Communication tran-si-tions
 []


Overfull \hbox (11.16415pt too wide) in paragraph at lines 404--404
[]|\OT1/cmr/m/n/12 requiresActiveReception-
 []


Overfull \hbox (0.67015pt too wide) in paragraph at lines 404--404
[]|\OT1/cmr/m/n/12 Domain:| 
 []


Overfull \hbox (1.80385pt too wide) in paragraph at lines 404--404
[]|\OT1/cmr/m/n/12 ReceiveTransitionCondition| 
 []


Overfull \hbox (7.19658pt too wide) has occurred while \output is active
\OT1/cmr/m/n/12 68 \OT1/cmr/m/sl/12 APPENDIX A.  CLASSES AND PROPERTY OF THE PA
SS ONTOLOGY
 []

[68]
Underfull \hbox (badness 10000) in paragraph at lines 407--407
[]|\OT1/cmr/m/n/12 requiresPerformed-
 []


Overfull \hbox (0.67015pt too wide) in paragraph at lines 407--407
[]|\OT1/cmr/m/n/12 Domain:| 
 []


Overfull \hbox (1.86496pt too wide) in paragraph at lines 407--407
[]|\OT1/cmr/m/n/12 MessageExchangeCondition| 
 []


Underfull \hbox (badness 10000) in paragraph at lines 410--410
[]|\OT1/cmr/m/n/12 SimplePASSObject-
 []


Overfull \hbox (0.67015pt too wide) in paragraph at lines 410--410
[]|\OT1/cmr/m/n/12 Domain:| 
 []


Underfull \hbox (badness 10000) in paragraph at lines 410--410
[]|\OT1/cmr/m/n/12 Every element/sub-class of
 []


Underfull \hbox (badness 10000) in paragraph at lines 410--410
\OT1/cmr/m/n/12 Sim-plePAS-SOb-ject-Prop-er-ties
 []


Underfull \hbox (badness 1990) in paragraph at lines 410--410
\OT1/cmr/m/n/12 e-lOb-ject-Prop-er-tiy. This is
 []


Underfull \hbox (badness 1418) in paragraph at lines 410--410
\OT1/cmr/m/n/12 sim-ply a sur-ro-gate class to
 []


Underfull \hbox (badness 10000) in paragraph at lines 410--410
\OT1/cmr/m/n/12 group all sim-ple el-e-ments
 []

[69]
Overfull \hbox (7.19658pt too wide) has occurred while \output is active
\OT1/cmr/m/n/12 70 \OT1/cmr/m/sl/12 APPENDIX A.  CLASSES AND PROPERTY OF THE PA
SS ONTOLOGY
 []

[70] [71]
Overfull \hbox (7.19658pt too wide) has occurred while \output is active
\OT1/cmr/m/n/12 72 \OT1/cmr/m/sl/12 APPENDIX A.  CLASSES AND PROPERTY OF THE PA
SS ONTOLOGY
 []

[72

]
Overfull \hbox (2.64723pt too wide) in paragraph at lines 425--426
[]|\OT1/cmr/m/n/12 Reference| 
 []


Overfull \hbox (6.47154pt too wide) in paragraph at lines 429--429
[]|\OT1/cmr/m/n/12 hasBusinessDayDurationTimeOutTime| 
 []


Overfull \hbox (0.67015pt too wide) in paragraph at lines 429--429
[]|\OT1/cmr/m/n/12 Domain:| 
 []


Overfull \hbox (0.67015pt too wide) in paragraph at lines 432--432
[]|\OT1/cmr/m/n/12 Domain:| 
 []


Overfull \hbox (0.67015pt too wide) in paragraph at lines 435--435
[]|\OT1/cmr/m/n/12 Domain:| 
 []


Overfull \hbox (0.67015pt too wide) in paragraph at lines 438--438
[]|\OT1/cmr/m/n/12 Domain:| 
 []


Overfull \hbox (0.67015pt too wide) in paragraph at lines 441--441
[]|\OT1/cmr/m/n/12 Domain:| 
 []


Overfull \hbox (0.67015pt too wide) in paragraph at lines 444--444
[]|\OT1/cmr/m/n/12 Domain:| 
 []


Underfull \hbox (badness 10000) in paragraph at lines 444--445
[]|\OT1/cmr/m/n/12 See
 []


Overfull \hbox (56.59285pt too wide) in paragraph at lines 444--445
\OT1/cmr/m/n/12 https://www.omg.org/spec/DMN
 []


Underfull \hbox (badness 10000) in paragraph at lines 444--445
\OT1/cmr/m/n/12 for spec-i-fi-ca-tion of
 []


Overfull \hbox (0.67015pt too wide) in paragraph at lines 449--449
[]|\OT1/cmr/m/n/12 Domain:| 
 []


Underfull \hbox (badness 3769) in paragraph at lines 449--450
\OT1/cmr/m/n/12 in prin-ci-ple ab-stract
 []


Underfull \hbox (badness 10000) in paragraph at lines 449--450
\OT1/cmr/m/n/12 the vi-su-al-iza-tion of
 []


Underfull \hbox (badness 10000) in paragraph at lines 449--450
\OT1/cmr/m/n/12 pro-cess mod-els are
 []


Underfull \hbox (badness 1052) in paragraph at lines 449--450
\OT1/cmr/m/n/12 ini-tially cre-ated in a
 []


Underfull \hbox (badness 1127) in paragraph at lines 449--450
\OT1/cmr/m/n/12 etc.) that was cre-
 []


Underfull \hbox (badness 1314) in paragraph at lines 451--451
[]\OT1/cmr/m/n/12 If avail-able any pro-
 []


Overfull \hbox (0.67015pt too wide) in paragraph at lines 454--454
[]|\OT1/cmr/m/n/12 Domain:| 
 []


Overfull \hbox (0.67015pt too wide) in paragraph at lines 457--457
[]|\OT1/cmr/m/n/12 Domain:| 
 []


Overfull \hbox (11.95064pt too wide) in paragraph at lines 460--460
[]|\OT1/cmr/m/n/12 hasMaximumSubjectInstanceRestriction| 
 []


Overfull \hbox (0.67015pt too wide) in paragraph at lines 460--460
[]|\OT1/cmr/m/n/12 Domain:| 
 []


Underfull \vbox (badness 10000) detected at line 462
 []


Overfull \hbox (0.67015pt too wide) in paragraph at lines 463--463
[]|\OT1/cmr/m/n/12 Domain:| 
 []


Overfull \hbox (0.67015pt too wide) in paragraph at lines 466--466
[]|\OT1/cmr/m/n/12 Domain:| 
 []


Underfull \hbox (badness 10000) in paragraph at lines 466--466
[]|\OT1/cmr/m/n/12 equivalent to
 []


Overfull \hbox (0.67015pt too wide) in paragraph at lines 469--469
[]|\OT1/cmr/m/n/12 Domain:| 
 []


Underfull \hbox (badness 1270) in paragraph at lines 469--469
[]|\OT1/cmr/m/n/12 The unique ID of a
 []


Underfull \hbox (badness 10000) in paragraph at lines 469--469
\OT1/cmr/m/n/12 PASSPro-cess-Mod-el-
 []


Overfull \hbox (0.67015pt too wide) in paragraph at lines 472--472
[]|\OT1/cmr/m/n/12 Domain:| 
 []


Overfull \hbox (0.67015pt too wide) in paragraph at lines 475--475
[]|\OT1/cmr/m/n/12 Domain:| 
 []


Underfull \hbox (badness 2285) in paragraph at lines 475--476
\OT1/cmr/m/n/12 pri-or-ity in sit-u-a-tions
 []


Underfull \hbox (badness 4132) in paragraph at lines 475--476
\OT1/cmr/m/n/12 tions could be ex-e-
 []


Underfull \hbox (badness 1565) in paragraph at lines 479--480
\OT1/cmr/m/n/12 sages are in the in-
 []


Underfull \hbox (badness 1484) in paragraph at lines 479--480
\OT1/cmr/m/n/12 noted on the tran-si-
 []


Underfull \hbox (badness 1308) in paragraph at lines 479--480
\OT1/cmr/m/n/12 tion with the higher
 []


Underfull \hbox (badness 4144) in paragraph at lines 481--481
[]\OT1/cmr/m/n/12 Similarly, Sub-ject-Be-
 []


Underfull \hbox (badness 10000) in paragraph at lines 481--481
\OT1/cmr/m/n/12 hav-iors with higher
 []


Overfull \hbox (0.67015pt too wide) in paragraph at lines 484--484
[]|\OT1/cmr/m/n/12 Domain:| 
 []


Underfull \hbox (badness 4181) in paragraph at lines 484--485
[]|\OT1/cmr/m/n/12 A data field meant
 []


Underfull \hbox (badness 6094) in paragraph at lines 484--485
\OT1/cmr/m/n/12 for the two classes
 []


Underfull \hbox (badness 10000) in paragraph at lines 484--485
\OT1/cmr/m/n/12 Re-oc-cu-rance-Time-
 []


Underfull \hbox (badness 10000) in paragraph at lines 484--485
\OT1/cmr/m/n/12 Out-Tran-si-tion and
 []


Underfull \hbox (badness 10000) in paragraph at lines 484--485
\OT1/cmr/m/n/12 Re-oc-cu-rance-Time-Ou-
 []


Underfull \hbox (badness 4366) in paragraph at lines 486--486
\OT1/cmr/m/n/12 de-scrib-ing the it-er-a-
 []


Underfull \hbox (badness 3713) in paragraph at lines 486--486
\OT1/cmr/m/n/12 should cover ex-pres-
 []


Underfull \hbox (badness 1888) in paragraph at lines 486--486
\OT1/cmr/m/n/12 "Ev-ery Hour", "ever
 []


Underfull \hbox (badness 1168) in paragraph at lines 486--486
\OT1/cmr/m/n/12 25 Min-uets" , "once
 []


Overfull \hbox (0.67015pt too wide) in paragraph at lines 489--489
[]|\OT1/cmr/m/n/12 Domain:| 
 []


Underfull \hbox (badness 4429) in paragraph at lines 489--490
[]|\OT1/cmr/m/n/12 The Scal-able Vec-tor
 []


Underfull \hbox (badness 2941) in paragraph at lines 489--490
\OT1/cmr/m/n/12 stan-dard to de-scribe
 []


Underfull \hbox (badness 10000) in paragraph at lines 491--491
[]\OT1/cmr/m/n/12 Adding ac-cord-ing
 []


Underfull \hbox (badness 10000) in paragraph at lines 491--491
\OT1/cmr/m/n/12 im-age in-for-ma-tion
 []


Underfull \hbox (badness 7944) in paragraph at lines 491--491
\OT1/cmr/m/n/12 as XML lit-er-als is
 []


Underfull \hbox (badness 1248) in paragraph at lines 491--491
\OT1/cmr/m/n/12 not nec-es-sar-ily eas-ily
 []


Underfull \hbox (badness 1803) in paragraph at lines 491--491
\OT1/cmr/m/n/12 change-able op-tion to
 []


Underfull \hbox (badness 10000) in paragraph at lines 491--491
\OT1/cmr/m/n/12 in-clude the graph-i-
 []


Underfull \hbox (badness 3240) in paragraph at lines 491--491
\OT1/cmr/m/n/12 cal rep-re-sen-ta-tion of
 []


Overfull \hbox (34.57126pt too wide) in paragraph at lines 494--494
[]|\OT1/cmr/m/n/12 hasTimeBasedReoccuranceFrequencyOrDate| 
 []


Overfull \hbox (0.67015pt too wide) in paragraph at lines 494--494
[]|\OT1/cmr/m/n/12 Domain:| 
 []


Overfull \hbox (0.67015pt too wide) in paragraph at lines 497--497
[]|\OT1/cmr/m/n/12 Domain:| 
 []


Overfull \hbox (0.67015pt too wide) in paragraph at lines 500--500
[]|\OT1/cmr/m/n/12 Domain:| 
 []


Underfull \hbox (badness 10000) in paragraph at lines 500--501
\OT1/cmr/m/n/12 Dat-aProp-erty meant
 []


Underfull \hbox (badness 10000) in paragraph at lines 500--501
\OT1/cmr/m/n/12 tool spe-cific data
 []


Underfull \hbox (badness 1584) in paragraph at lines 500--501
\OT1/cmr/m/n/12 val-ues/prop-er-ties into
 []


Underfull \hbox (badness 2326) in paragraph at lines 502--502
\OT1/cmr/m/n/12 ac-cord-ing data fields
 []


Underfull \hbox (badness 2173) in paragraph at lines 502--502
\OT1/cmr/m/n/12 can eas-ily be rec-og-
 []

[73

]
Overfull \hbox (0.67015pt too wide) in paragraph at lines 505--505
[]|\OT1/cmr/m/n/12 Domain:| 
 []


Overfull \hbox (0.67015pt too wide) in paragraph at lines 508--508
[]|\OT1/cmr/m/n/12 Domain:| 
 []


Overfull \hbox (0.67015pt too wide) in paragraph at lines 511--511
[]|\OT1/cmr/m/n/12 Domain:| 
 []


Overfull \hbox (0.67015pt too wide) in paragraph at lines 514--514
[]|\OT1/cmr/m/n/12 Domain:| 
 []


Overfull \hbox (0.67015pt too wide) in paragraph at lines 517--517
[]|\OT1/cmr/m/n/12 Domain:| 
 []


Overfull \hbox (0.67015pt too wide) in paragraph at lines 520--520
[]|\OT1/cmr/m/n/12 Domain:| 
 []


Underfull \hbox (badness 10000) in paragraph at lines 520--520
[]|\OT1/cmr/m/n/12 Generic su-per class
 []


Underfull \hbox (badness 1308) in paragraph at lines 520--520
\OT1/cmr/m/n/12 of all Dat-aProp-er-ties
 []


Underfull \hbox (badness 10000) in paragraph at lines 520--520
\OT1/cmr/m/n/12 that PASS pro-cess
 []


Underfull \hbox (badness 3240) in paragraph at lines 520--520
\OT1/cmr/m/n/12 model el-e-ments may
 []


Overfull \hbox (0.67015pt too wide) in paragraph at lines 524--524
[]|\OT1/cmr/m/n/12 Domain:| 
 []


Underfull \hbox (badness 10000) in paragraph at lines 524--524
[]|\OT1/cmr/m/n/12 Every element/sub-
 []


Underfull \hbox (badness 1087) in paragraph at lines 524--524
\OT1/cmr/m/n/12 class of Sim-plePASS-
 []


Underfull \hbox (badness 10000) in paragraph at lines 524--524
\OT1/cmr/m/n/12 is sim-ply a sur-ro-
 []


Underfull \hbox (badness 4096) in paragraph at lines 524--524
\OT1/cmr/m/n/12 gate class to group
 []


Underfull \hbox (badness 10000) in paragraph at lines 524--524
\OT1/cmr/m/n/12 all sim-ple el-e-ments
 []


Overfull \hbox (7.19658pt too wide) has occurred while \output is active
\OT1/cmr/m/n/12 74 \OT1/cmr/m/sl/12 APPENDIX A.  CLASSES AND PROPERTY OF THE PA
SS ONTOLOGY
 []

[74] [75]
Overfull \hbox (7.19658pt too wide) has occurred while \output is active
\OT1/cmr/m/n/12 76 \OT1/cmr/m/sl/12 APPENDIX A.  CLASSES AND PROPERTY OF THE PA
SS ONTOLOGY
 []

[76] [77]
Overfull \hbox (7.19658pt too wide) has occurred while \output is active
\OT1/cmr/m/n/12 78 \OT1/cmr/m/sl/12 APPENDIX A.  CLASSES AND PROPERTY OF THE PA
SS ONTOLOGY
 []

[78] [79]
Overfull \hbox (7.19658pt too wide) has occurred while \output is active
\OT1/cmr/m/n/12 80 \OT1/cmr/m/sl/12 APPENDIX A.  CLASSES AND PROPERTY OF THE PA
SS ONTOLOGY
 []

[80]
Appendix B.

Overfull \hbox (4.57979pt too wide) in paragraph at lines 542--542
[]\OT1/cmr/bx/n/17.28 Subject Be-hav-ior Di-a-gram In-ter-pre-ta-tion 
 []

File: 20181026-Ontologie-Bilder/Grafiken-Ontologie/SUbjectExecution/ASM-Behavio
r.jpg Graphic file (type jpg)

<use 20181026-Ontologie-Bilder/Grafiken-Ontologie/SUbjectExecution/ASM-Behavior
.jpg>
Package pdftex.def Info: 20181026-Ontologie-Bilder/Grafiken-Ontologie/SUbjectEx
ecution/ASM-Behavior.jpg used on input line 546.
(pdftex.def)             Requested size: 272.99881pt x 160.23003pt.
File: 20181026-Ontologie-Bilder/Grafiken-Ontologie/SUbjectExecution/ASM-perform
.jpg Graphic file (type jpg)

<use 20181026-Ontologie-Bilder/Grafiken-Ontologie/SUbjectExecution/ASM-perform.
jpg>
Package pdftex.def Info: 20181026-Ontologie-Bilder/Grafiken-Ontologie/SUbjectEx
ecution/ASM-perform.jpg used on input line 557.
(pdftex.def)             Requested size: 234.00238pt x 176.40872pt.

Underfull \vbox (badness 2538) has occurred while \output is active []

 [81


]
<20181026-Ontologie-Bilder/Grafiken-Ontologie/SUbjectExecution/ASM-Perform-Bild
.jpg, id=308, 722.7pt x 542.025pt>
File: 20181026-Ontologie-Bilder/Grafiken-Ontologie/SUbjectExecution/ASM-Perform
-Bild.jpg Graphic file (type jpg)

<use 20181026-Ontologie-Bilder/Grafiken-Ontologie/SUbjectExecution/ASM-Perform-
Bild.jpg>
Package pdftex.def Info: 20181026-Ontologie-Bilder/Grafiken-Ontologie/SUbjectEx
ecution/ASM-Perform-Bild.jpg used on input line 564.
(pdftex.def)             Requested size: 234.00238pt x 175.50266pt.

Overfull \hbox (233.89192pt too wide) has occurred while \output is active
\OT1/cmr/m/n/12 82 \OT1/cmr/m/sl/12 APPENDIX B.  A SUBJECT-ORIENTED INTERPRETER
 MODEL FOR S-BPM DEVELOPED BY EGON B[]ORGER
 []

[82 <./20181026-Ontologie-Bilder/Grafiken-Ontologie/SUbjectExecution/ASM-Perfor
m-Bild.jpg>]
<20181026-Ontologie-Bilder/Grafiken-Ontologie/SUbjectExecution/ASM-Start.jpg, i
d=312, 771.63281pt x 569.12625pt>
File: 20181026-Ontologie-Bilder/Grafiken-Ontologie/SUbjectExecution/ASM-Start.j
pg Graphic file (type jpg)

<use 20181026-Ontologie-Bilder/Grafiken-Ontologie/SUbjectExecution/ASM-Start.jp
g>
Package pdftex.def Info: 20181026-Ontologie-Bilder/Grafiken-Ontologie/SUbjectEx
ecution/ASM-Start.jpg used on input line 573.
(pdftex.def)             Requested size: 272.99881pt x 201.35085pt.

<20181026-Ontologie-Bilder/Grafiken-Ontologie/SUbjectExecution/ASM-Try-Run.jpg,
 id=313, 591.71063pt x 501.37312pt>
File: 20181026-Ontologie-Bilder/Grafiken-Ontologie/SUbjectExecution/ASM-Try-Run
.jpg Graphic file (type jpg)

<use 20181026-Ontologie-Bilder/Grafiken-Ontologie/SUbjectExecution/ASM-Try-Run.
jpg>
Package pdftex.def Info: 20181026-Ontologie-Bilder/Grafiken-Ontologie/SUbjectEx
ecution/ASM-Try-Run.jpg used on input line 580.
(pdftex.def)             Requested size: 234.00238pt x 198.27354pt.

<20181026-Ontologie-Bilder/Grafiken-Ontologie/SUbjectExecution/ASM-Interrupt.jp
g, id=314, 582.67688pt x 365.86688pt>
File: 20181026-Ontologie-Bilder/Grafiken-Ontologie/SUbjectExecution/ASM-Interru
pt.jpg Graphic file (type jpg)

<use 20181026-Ontologie-Bilder/Grafiken-Ontologie/SUbjectExecution/ASM-Interrup
t.jpg>
Package pdftex.def Info: 20181026-Ontologie-Bilder/Grafiken-Ontologie/SUbjectEx
ecution/ASM-Interrupt.jpg used on input line 587.
(pdftex.def)             Requested size: 234.00238pt x 146.93033pt.
 [83 <./20181026-Ontologie-Bilder/Grafiken-Ontologie/SUbjectExecution/ASM-Start
.jpg>]
Overfull \hbox (233.89192pt too wide) has occurred while \output is active
\OT1/cmr/m/n/12 84 \OT1/cmr/m/sl/12 APPENDIX B.  A SUBJECT-ORIENTED INTERPRETER
 MODEL FOR S-BPM DEVELOPED BY EGON B[]ORGER
 []

[84 <./20181026-Ontologie-Bilder/Grafiken-Ontologie/SUbjectExecution/ASM-Try-Ru
n.jpg> <./20181026-Ontologie-Bilder/Grafiken-Ontologie/SUbjectExecution/ASM-Int
errupt.jpg>]
Overfull \hbox (40.52617pt too wide) has occurred while \output is active
\OT1/cmr/m/sl/12 B.3.  MSGELABORATION INTERPRETATION FOR MULTI SEND/RECEIVE \OT
1/cmr/m/n/12 85
 []

[85]
Overfull \hbox (233.89192pt too wide) has occurred while \output is active
\OT1/cmr/m/n/12 86 \OT1/cmr/m/sl/12 APPENDIX B.  A SUBJECT-ORIENTED INTERPRETER
 MODEL FOR S-BPM DEVELOPED BY EGON B[]ORGER
 []

[86

]
Appendix C.

Underfull \hbox (badness 10000) in paragraph at lines 614--617

 []

[87]
Underfull \hbox (badness 1824) in paragraph at lines 631--632
\OT1/cmr/m/n/12 sump-tion that it is com-plete and
 []


Underfull \hbox (badness 2460) in paragraph at lines 680--681
[]|\OT1/cmr/bx/n/12 SubjectBehavior \OT1/cmr/m/n/12 or rather \OT1/cmr/bx/n/12 
Sub-
 []


Underfull \hbox (badness 6859) in paragraph at lines 686--688
[]|\OT1/cmr/m/n/12 Object Prop-erty: \OT1/cmr/bx/it/12 has-Func-tion-
 []


Underfull \hbox (badness 1152) in paragraph at lines 686--688
\OT1/cmr/bx/it/12 Spec-i-fi-ca-tion \OT1/cmr/m/n/12 (link-ing \OT1/cmr/bx/n/12 
State\OT1/cmr/m/n/12 , and
 []


Underfull \hbox (badness 10000) in paragraph at lines 686--688
\OT1/cmr/bx/n/12 Func-tion-Spec-i-fi-ca-tion \OT1/cmr/m/n/12 -->(\OT1/cmr/bx/n/
12 State
 []


Underfull \hbox (badness 10000) in paragraph at lines 703--707
[]|\OT1/cmr/bx/n/12 CommunicationActs \OT1/cmr/m/n/12 with sub-
 []


Underfull \hbox (badness 10000) in paragraph at lines 703--707
\OT1/cmr/m/n/12 classes (\OT1/cmr/bx/n/12 ReceiveFunction Send-
 []


Overfull \hbox (77.40456pt too wide) in paragraph at lines 703--707
\OT1/cmr/bx/it/12 DefaultFunctionReceive1[]EnvironmentChoice 
 []


Overfull \hbox (79.54121pt too wide) in paragraph at lines 703--707
\OT1/cmr/bx/it/12 DefaultFunctionReceive2[]AutoReceiveEarliest 
 []


Underfull \vbox (badness 10000) detected at line 713
 []


Overfull \hbox (107.43872pt too wide) has occurred while \output is active
\OT1/cmr/m/n/12 88 \OT1/cmr/m/sl/12 APPENDIX C.  PASS INTERPRETER DEFINED AS AB
STRACT STATE MACHINE (ASM)
 []

[88

] [89]
Overfull \hbox (107.43872pt too wide) has occurred while \output is active
\OT1/cmr/m/n/12 90 \OT1/cmr/m/sl/12 APPENDIX C.  PASS INTERPRETER DEFINED AS AB
STRACT STATE MACHINE (ASM)
 []

[90]) (Standardbuch-PASS.aux (TeX_files/chapter01.aux) (TeX_files/chapter02.aux
) (TeX_files/chapter03.aux) (TeX_files/appendix.aux))

LaTeX Warning: There were multiply-defined labels.

 ) 
Here is how much of TeX's memory you used:
 4515 strings out of 493333
 72213 string characters out of 3139172
 163120 words of memory out of 3000000
 7919 multiletter control sequences out of 15000+200000
 10824 words of font info for 37 fonts, out of 3000000 for 9000
 1141 hyphenation exceptions out of 8191
 40i,9n,35p,1458b,748s stack positions out of 5000i,500n,10000p,200000b,50000s
<C:/Program Files/MiKTeX 2.9/fonts/type1/public/amsfonts/cm/cmbx12.pfb><C:/Pr
ogram Files/MiKTeX 2.9/fonts/type1/public/amsfonts/cm/cmbxti10.pfb><C:/Program 
Files/MiKTeX 2.9/fonts/type1/public/amsfonts/cm/cmmi12.pfb><C:/Program Files/Mi
KTeX 2.9/fonts/type1/public/amsfonts/cm/cmr12.pfb><C:/Program Files/MiKTeX 2.9/
fonts/type1/public/amsfonts/cm/cmr17.pfb><C:/Program Files/MiKTeX 2.9/fonts/typ
e1/public/amsfonts/cm/cmsl12.pfb><C:/Program Files/MiKTeX 2.9/fonts/type1/publi
c/amsfonts/cm/cmsy10.pfb><C:/Program Files/MiKTeX 2.9/fonts/type1/public/amsfon
ts/cm/cmti12.pfb><C:/Program Files/MiKTeX 2.9/fonts/type1/public/amsfonts/cm/cm
ti8.pfb>
Output written on Standardbuch-PASS.pdf (94 pages, 2980389 bytes).
PDF statistics:
 374 PDF objects out of 1000 (max. 8388607)
 0 named destinations out of 1000 (max. 500000)
 171 words of extra memory for PDF output out of 10000 (max. 10000000)

